{
  "RSpec": {
    "coverage": {
      "/home/ec2-user/environment/part1/app/helpers/application_helper.rb": {
        "lines": [
          1,
          null
        ]
      },
      "/home/ec2-user/environment/part1/app/helpers/events_helper.rb": {
        "lines": [
          1,
          null
        ]
      },
      "/home/ec2-user/environment/part1/app/helpers/guests_helper.rb": {
        "lines": [
          1,
          null
        ]
      },
      "/home/ec2-user/environment/part1/app/controllers/events_controller.rb": {
        "lines": [
          1,
          1,
          null,
          null,
          null,
          null,
          null,
          null,
          null,
          null,
          null,
          null,
          null,
          1,
          0,
          0,
          0,
          0,
          0,
          null,
          null,
          0,
          null,
          null,
          1,
          2,
          2,
          null,
          2,
          2,
          2,
          8,
          null,
          null,
          2,
          null,
          null,
          null,
          null,
          null,
          null,
          null,
          null,
          null,
          null,
          null,
          null,
          null,
          null,
          null,
          null,
          null,
          null,
          null,
          null,
          null,
          null,
          null,
          null,
          null,
          null,
          null,
          null,
          null,
          null,
          null,
          null,
          null,
          null,
          null,
          null,
          null,
          null,
          1,
          1,
          0,
          null,
          null,
          null,
          null
        ]
      },
      "/home/ec2-user/environment/part1/app/controllers/application_controller.rb": {
        "lines": [
          1,
          null,
          null,
          1,
          null
        ]
      },
      "/home/ec2-user/environment/part1/app/controllers/guests_controller.rb": {
        "lines": [
          1,
          null,
          null,
          null,
          null,
          null,
          1,
          1,
          1,
          null,
          1,
          1,
          1,
          1,
          null,
          null,
          1,
          0,
          0,
          null,
          0,
          0,
          0,
          0,
          null,
          0,
          0,
          null,
          null,
          null,
          null,
          null,
          null,
          null,
          null,
          1,
          0,
          0,
          0,
          null,
          0,
          null,
          null,
          1,
          0,
          0,
          0,
          0,
          null,
          null,
          null,
          null,
          1,
          null,
          2,
          2,
          null,
          2,
          1,
          1,
          null,
          1,
          0,
          0,
          null,
          null,
          1,
          1,
          1,
          null,
          1,
          null,
          0,
          null,
          null,
          null,
          1,
          0,
          0,
          0,
          null,
          null,
          null,
          null,
          0,
          null,
          null,
          null,
          null,
          null,
          null,
          null,
          null,
          null,
          null,
          null,
          null,
          null,
          1,
          1,
          1,
          null,
          null,
          null,
          null
        ]
      },
      "/home/ec2-user/environment/part1/app/models/event.rb": {
        "lines": [
          1,
          1,
          null,
          1,
          1,
          0,
          0,
          null,
          0,
          null,
          0,
          0,
          0,
          0,
          0,
          0,
          0,
          0,
          null,
          null,
          null,
          0,
          0,
          null,
          null,
          null,
          0,
          0,
          0,
          null,
          0,
          0,
          0,
          0,
          null,
          null,
          0,
          0,
          0,
          0,
          null,
          null,
          null
        ]
      },
      "/home/ec2-user/environment/part1/app/models/guest.rb": {
        "lines": [
          1,
          1,
          null,
          1,
          1,
          1,
          null
        ]
      },
      "/home/ec2-user/environment/part1/app/mailers/guest_mailer.rb": {
        "lines": [
          1,
          null,
          1,
          1,
          1,
          1,
          null,
          null,
          1,
          1,
          1,
          1,
          null,
          null,
          null
        ]
      },
      "/home/ec2-user/environment/part1/app/mailers/application_mailer.rb": {
        "lines": [
          1,
          1,
          1,
          null
        ]
      }
    },
    "timestamp": 1620073640
  }
}
